<?xml version="1.0" encoding="UTF-8"?>
<!-- Generated by org.testng.reporters.JUnitReportReporter -->
<testsuite skipped="0" hostname="DESKTOP-7IBMD7S" name="com.Arizona.TestPages.signInPageTest" tests="1" failures="0" timestamp="2019-10-03T22:59:57 IST" time="3.273" errors="0">
  <testcase name="LoginTest" time="3.273" classname="com.Arizona.TestPages.signInPageTest"/>
</testsuite> <!-- com.Arizona.TestPages.signInPageTest -->
